100.02.08 10:20 A d:\u\dsa\analyze\!AIX.HLP <-- nems /default/analyze !AIX.HLP
100.02.08 10:20 A d:\u\dsa\analyze\_DICTNRY.HLP <-- nems /default/analyze _DICTNRY.HLP
100.02.08 10:20 A d:\u\dsa\analyze\_EJECT.HLP <-- nems /default/analyze _EJECT.HLP
100.02.08 10:20 A d:\u\dsa\analyze\_KEYWORD.HLP <-- nems /default/analyze _KEYWORD.HLP
100.02.08 10:20 A d:\u\dsa\analyze\_PAUSE.HLP <-- nems /default/analyze _PAUSE.HLP
100.02.08 10:20 A d:\u\dsa\analyze\_SETUP.HLP <-- nems /default/analyze _SETUP.HLP
100.02.08 10:20 A d:\u\dsa\analyze\_TYPE.HLP <-- nems /default/analyze _TYPE.HLP
100.02.08 10:20 A d:\u\dsa\analyze\ACOMAND.RUL <-- nems /default/analyze ACOMAND.RUL
100.02.08 10:20 A d:\u\dsa\analyze\ADDRIM.HLP <-- nems /default/analyze ADDRIM.HLP
100.02.08 10:20 A d:\u\dsa\analyze\AGGREGAT.DOC <-- nems /default/analyze AGGREGAT.DOC
100.02.08 10:20 A d:\u\dsa\analyze\AGGREGAT.HLP <-- nems /default/analyze AGGREGAT.HLP
100.02.08 10:20 A d:\u\dsa\analyze\ANALYZE <-- nems /default/analyze ANALYZE
100.02.08 10:20 A d:\u\dsa\analyze\ANALYZE.DIC <-- nems /default/analyze ANALYZE.DIC
100.02.08 10:20 A d:\u\dsa\analyze\ANALYZE.HLP <-- nems /default/analyze ANALYZE.HLP
100.02.08 10:20 A d:\u\dsa\analyze\ANALYZE.KEY <-- nems /default/analyze ANALYZE.KEY
100.02.08 10:20 A d:\u\dsa\analyze\ANALYZE.REF <-- nems /default/analyze ANALYZE.REF
100.02.08 10:20 A d:\u\dsa\analyze\analyze.s <-- nems /default/analyze analyze.s
100.02.08 10:20 A d:\u\dsa\analyze\ASK.RUL <-- nems /default/analyze ASK.RUL
100.02.08 10:20 A d:\u\dsa\analyze\ASKFREQ.RUL <-- nems /default/analyze ASKFREQ.RUL
100.02.08 10:20 A d:\u\dsa\analyze\ATEST.EXC <-- nems /default/analyze ATEST.EXC
100.02.08 10:20 A d:\u\dsa\analyze\ATEST.OK <-- nems /default/analyze ATEST.OK
100.02.08 10:20 A d:\u\dsa\analyze\ATESTOK. <-- nems /default/analyze ATESTOK.
100.02.08 10:20 A d:\u\dsa\analyze\AUTHOR.DOC <-- nems /default/analyze AUTHOR.DOC
100.02.08 10:20 A d:\u\dsa\analyze\BASIS.HLP <-- nems /default/analyze BASIS.HLP
100.02.08 10:20 A d:\u\dsa\analyze\BCIIS.EXC <-- nems /default/analyze BCIIS.EXC
100.02.08 10:20 A d:\u\dsa\analyze\BIGTEST.EXC <-- nems /default/analyze BIGTEST.EXC
100.02.08 10:20 A d:\u\dsa\analyze\BLEND.MAT <-- nems /default/analyze BLEND.MAT
100.02.08 10:20 A d:\u\dsa\analyze\BLEND.MNS <-- nems /default/analyze BLEND.MNS
100.02.08 10:20 A d:\u\dsa\analyze\BLEND.PCK <-- nems /default/analyze BLEND.PCK
100.02.08 10:20 A d:\u\dsa\analyze\BLEND.SYN <-- nems /default/analyze BLEND.SYN
100.02.08 10:20 A d:\u\dsa\analyze\BLENDCAP.IIS <-- nems /default/analyze BLENDCAP.IIS
100.02.08 10:20 A d:\u\dsa\analyze\BLENDCAP.MAT <-- nems /default/analyze BLENDCAP.MAT
100.02.08 10:20 A d:\u\dsa\analyze\BLENDCAP.MNS <-- nems /default/analyze BLENDCAP.MNS
100.02.08 10:20 A d:\u\dsa\analyze\BLENDDEM.IIS <-- nems /default/analyze BLENDDEM.IIS
100.02.08 10:21 A d:\u\dsa\analyze\BLENDDEM.MAT <-- nems /default/analyze BLENDDEM.MAT
100.02.08 10:21 A d:\u\dsa\analyze\BLENDDEM.MNS <-- nems /default/analyze BLENDDEM.MNS
100.02.08 10:21 A d:\u\dsa\analyze\BLENDINF.CMT <-- nems /default/analyze BLENDINF.CMT
100.02.08 10:21 A d:\u\dsa\analyze\BLENDINF.EXC <-- nems /default/analyze BLENDINF.EXC
100.02.08 10:21 A d:\u\dsa\analyze\BLENDINF.IIS <-- nems /default/analyze BLENDINF.IIS
100.02.08 10:21 A d:\u\dsa\analyze\BLENDINF.MAT <-- nems /default/analyze BLENDINF.MAT
100.02.08 10:21 A d:\u\dsa\analyze\BLENDINF.MNS <-- nems /default/analyze BLENDINF.MNS
100.02.08 10:21 A d:\u\dsa\analyze\BLENDINF.SYN <-- nems /default/analyze BLENDINF.SYN
100.02.08 10:21 A d:\u\dsa\analyze\BLENDOMT.IIS <-- nems /default/analyze BLENDOMT.IIS
100.02.08 10:21 A d:\u\dsa\analyze\BLENDOMT.MAT <-- nems /default/analyze BLENDOMT.MAT
100.02.08 10:21 A d:\u\dsa\analyze\BLENDOMT.MNS <-- nems /default/analyze BLENDOMT.MNS
100.02.08 10:21 A d:\u\dsa\analyze\BLENDREV.IIS <-- nems /default/analyze BLENDREV.IIS
100.02.08 10:21 A d:\u\dsa\analyze\BLENDREV.MAT <-- nems /default/analyze BLENDREV.MAT
100.02.08 10:21 A d:\u\dsa\analyze\BLENDREV.MNS <-- nems /default/analyze BLENDREV.MNS
100.02.08 10:21 A d:\u\dsa\analyze\BLENDRT.MAT <-- nems /default/analyze BLENDRT.MAT
100.02.08 10:21 A d:\u\dsa\analyze\BLENDRT.MNS <-- nems /default/analyze BLENDRT.MNS
100.02.08 10:21 A d:\u\dsa\analyze\BLENDRT.PCK <-- nems /default/analyze BLENDRT.PCK
100.02.08 10:21 A d:\u\dsa\analyze\BLENDRT.RUL <-- nems /default/analyze BLENDRT.RUL
100.02.08 10:21 A d:\u\dsa\analyze\BLENDRT.SYN <-- nems /default/analyze BLENDRT.SYN
100.02.08 10:21 A d:\u\dsa\analyze\BLENDSUP.IIS <-- nems /default/analyze BLENDSUP.IIS
100.02.08 10:21 A d:\u\dsa\analyze\BLENDSUP.MAT <-- nems /default/analyze BLENDSUP.MAT
100.02.08 10:21 A d:\u\dsa\analyze\BLENDSUP.MNS <-- nems /default/analyze BLENDSUP.MNS
100.02.08 10:21 A d:\u\dsa\analyze\BLKSAVE.INC <-- nems /default/analyze BLKSAVE.INC
100.02.08 10:21 A d:\u\dsa\analyze\BLNDSOLN.RUL <-- nems /default/analyze BLNDSOLN.RUL
100.02.08 10:21 A d:\u\dsa\analyze\BLOCK.HLP <-- nems /default/analyze BLOCK.HLP
100.02.08 10:21 A d:\u\dsa\analyze\BLOCKNET.MAT <-- nems /default/analyze BLOCKNET.MAT
100.02.08 10:21 A d:\u\dsa\analyze\BLRTFLOW.EXC <-- nems /default/analyze BLRTFLOW.EXC
100.02.08 10:21 A d:\u\dsa\analyze\BLRTPRIC.EXC <-- nems /default/analyze BLRTPRIC.EXC
100.02.08 10:21 A d:\u\dsa\analyze\BLSTACK.RUL <-- nems /default/analyze BLSTACK.RUL
100.02.08 10:21 A d:\u\dsa\analyze\cgupck.s <-- nems /default/analyze cgupck.s
100.02.08 10:21 A d:\u\dsa\analyze\CLEANUP.EXC <-- nems /default/analyze CLEANUP.EXC
100.02.08 10:21 A d:\u\dsa\analyze\COMPLETE.EXC <-- nems /default/analyze COMPLETE.EXC
100.02.08 10:21 A d:\u\dsa\analyze\CONDNL.DOC <-- nems /default/analyze CONDNL.DOC
100.02.08 10:21 A d:\u\dsa\analyze\coslanal.s <-- nems /default/analyze coslanal.s
100.02.08 10:21 A d:\u\dsa\analyze\coslpck.s <-- nems /default/analyze coslpck.s
100.02.08 10:21 A d:\u\dsa\analyze\COUNT.HLP <-- nems /default/analyze COUNT.HLP
100.02.08 10:21 A d:\u\dsa\analyze\CPMCRASH.MAT <-- nems /default/analyze CPMCRASH.MAT
100.02.08 10:21 A d:\u\dsa\analyze\CPMCRASH.MNS <-- nems /default/analyze CPMCRASH.MNS
100.02.08 10:21 A d:\u\dsa\analyze\CPMTCOST.MAT <-- nems /default/analyze CPMTCOST.MAT
100.02.08 10:21 A d:\u\dsa\analyze\CPMTCOST.MNS <-- nems /default/analyze CPMTCOST.MNS
100.02.08 10:21 A d:\u\dsa\analyze\CPMTIME.MAT <-- nems /default/analyze CPMTIME.MAT
100.02.08 10:21 A d:\u\dsa\analyze\CPMTIME.MNS <-- nems /default/analyze CPMTIME.MNS
100.02.08 10:21 A d:\u\dsa\analyze\credits.doc <-- nems /default/analyze credits.doc
100.02.08 10:21 A d:\u\dsa\analyze\CREDITS.DOC.HOLD <-- nems /default/analyze CREDITS.DOC.HOLD
100.02.08 10:21 A d:\u\dsa\analyze\CRITPATH.SYN <-- nems /default/analyze CRITPATH.SYN
100.02.08 10:21 A d:\u\dsa\analyze\D.RUL <-- nems /default/analyze D.RUL
100.02.08 10:21 A d:\u\dsa\analyze\D1.INC <-- nems /default/analyze D1.INC
100.02.08 10:21 A d:\u\dsa\analyze\D2.INC <-- nems /default/analyze D2.INC
100.02.08 10:21 A d:\u\dsa\analyze\D3.INC <-- nems /default/analyze D3.INC
100.02.08 10:21 A d:\u\dsa\analyze\DEMO.EXC <-- nems /default/analyze DEMO.EXC
100.02.08 10:21 A d:\u\dsa\analyze\DIRDATA.DOC <-- nems /default/analyze DIRDATA.DOC
100.02.08 10:21 A d:\u\dsa\analyze\DIRDOCS.DOC <-- nems /default/analyze DIRDOCS.DOC
100.02.08 10:21 A d:\u\dsa\analyze\DIREXECS.DOC <-- nems /default/analyze DIREXECS.DOC
100.02.08 10:21 A d:\u\dsa\analyze\DIRMATS.DOC <-- nems /default/analyze DIRMATS.DOC
100.02.08 10:21 A d:\u\dsa\analyze\DISPLAY.HLP <-- nems /default/analyze DISPLAY.HLP
100.02.08 10:21 A d:\u\dsa\analyze\DISTRIB.EXC <-- nems /default/analyze DISTRIB.EXC
100.02.08 10:21 A d:\u\dsa\analyze\DISTRIB.RUL <-- nems /default/analyze DISTRIB.RUL
100.02.08 10:21 A d:\u\dsa\analyze\DOCANAL.EXC <-- nems /default/analyze DOCANAL.EXC
100.02.08 10:21 A d:\u\dsa\analyze\DONOTHIN.TEL <-- nems /default/analyze DONOTHIN.TEL
100.02.08 10:21 A d:\u\dsa\analyze\DRATE.RUL <-- nems /default/analyze DRATE.RUL
100.02.08 10:21 A d:\u\dsa\analyze\DSETUP.EXC <-- nems /default/analyze DSETUP.EXC
100.02.08 10:21 A d:\u\dsa\analyze\EARTHMOV.MAT <-- nems /default/analyze EARTHMOV.MAT
100.02.08 10:21 A d:\u\dsa\analyze\EARTHMOV.MNS <-- nems /default/analyze EARTHMOV.MNS
100.02.08 10:21 A d:\u\dsa\analyze\EARTHMOV.SYN <-- nems /default/analyze EARTHMOV.SYN
100.02.08 10:21 A d:\u\dsa\analyze\ELECTRIC.EXC <-- nems /default/analyze ELECTRIC.EXC
100.02.08 10:21 A d:\u\dsa\analyze\ELECTRIC.MAT <-- nems /default/analyze ELECTRIC.MAT
100.02.08 10:21 A d:\u\dsa\analyze\ELECTRIC.MNS <-- nems /default/analyze ELECTRIC.MNS
100.02.08 10:21 A d:\u\dsa\analyze\ELECTRIC.SYN <-- nems /default/analyze ELECTRIC.SYN
100.02.08 10:21 A d:\u\dsa\analyze\ERRORS.DOC <-- nems /default/analyze ERRORS.DOC
100.02.08 10:21 A d:\u\dsa\analyze\ERRTESTV.EXC <-- nems /default/analyze ERRTESTV.EXC
100.02.08 10:21 A d:\u\dsa\analyze\EXECUTE.HLP <-- nems /default/analyze EXECUTE.HLP
100.02.08 10:21 A d:\u\dsa\analyze\EXERCISE.DOC <-- nems /default/analyze EXERCISE.DOC
100.02.08 10:21 A d:\u\dsa\analyze\EXERCISE.EXC <-- nems /default/analyze EXERCISE.EXC
100.02.08 10:21 A d:\u\dsa\analyze\EXPLAIN.HLP <-- nems /default/analyze EXPLAIN.HLP
100.02.08 10:21 A d:\u\dsa\analyze\FARM.MAT <-- nems /default/analyze FARM.MAT
100.02.08 10:21 A d:\u\dsa\analyze\FARM.MNS <-- nems /default/analyze FARM.MNS
100.02.08 10:21 A d:\u\dsa\analyze\FARM.SYN <-- nems /default/analyze FARM.SYN
100.02.08 10:21 A d:\u\dsa\analyze\FILES.DOC <-- nems /default/analyze FILES.DOC
100.02.08 10:21 A d:\u\dsa\analyze\FILESCH.DOC <-- nems /default/analyze FILESCH.DOC
100.02.08 10:21 A d:\u\dsa\analyze\FILESYN.DOC <-- nems /default/analyze FILESYN.DOC
100.02.08 10:21 A d:\u\dsa\analyze\FIND.RUL <-- nems /default/analyze FIND.RUL
100.02.08 10:21 A d:\u\dsa\analyze\FIRSTIME.DOC <-- nems /default/analyze FIRSTIME.DOC
100.02.08 10:21 A d:\u\dsa\analyze\FIRSTIME.EXC <-- nems /default/analyze FIRSTIME.EXC
100.02.08 10:21 A d:\u\dsa\analyze\FIX.HLP <-- nems /default/analyze FIX.HLP
100.02.08 10:21 A d:\u\dsa\analyze\FORESOLN.RUL <-- nems /default/analyze FORESOLN.RUL
100.02.08 10:21 A d:\u\dsa\analyze\FOREST.EXC <-- nems /default/analyze FOREST.EXC
100.02.08 10:21 A d:\u\dsa\analyze\FOREST.SYN <-- nems /default/analyze FOREST.SYN
100.02.08 10:21 A d:\u\dsa\analyze\FOREST.TEL <-- nems /default/analyze FOREST.TEL
100.02.08 10:21 A d:\u\dsa\analyze\FOREST5.MAT <-- nems /default/analyze FOREST5.MAT
100.02.08 10:21 A d:\u\dsa\analyze\FOREST5.MNS <-- nems /default/analyze FOREST5.MNS
100.02.08 10:21 A d:\u\dsa\analyze\FOREST5.PCK <-- nems /default/analyze FOREST5.PCK
100.02.08 10:21 A d:\u\dsa\analyze\FOREST6.IIS <-- nems /default/analyze FOREST6.IIS
100.02.08 10:21 A d:\u\dsa\analyze\FOREST6.MAT <-- nems /default/analyze FOREST6.MAT
100.02.08 10:21 A d:\u\dsa\analyze\FOREST6.MNS <-- nems /default/analyze FOREST6.MNS
100.02.08 10:21 A d:\u\dsa\analyze\FOREST6.PCK <-- nems /default/analyze FOREST6.PCK
100.02.08 10:21 A d:\u\dsa\analyze\FORMIS.EXC <-- nems /default/analyze FORMIS.EXC
100.02.08 10:21 A d:\u\dsa\analyze\FORTIME.EXC <-- nems /default/analyze FORTIME.EXC
100.02.08 10:21 A d:\u\dsa\analyze\FREE.HLP <-- nems /default/analyze FREE.HLP
100.02.08 10:21 A d:\u\dsa\analyze\GAL.MAT <-- nems /default/analyze GAL.MAT
100.02.08 10:21 A d:\u\dsa\analyze\GAL.MNS <-- nems /default/analyze GAL.MNS
100.02.08 10:21 A d:\u\dsa\analyze\GAL.OB1 <-- nems /default/analyze GAL.OB1
100.02.08 10:21 A d:\u\dsa\analyze\GALENET.IIS <-- nems /default/analyze GALENET.IIS
100.02.08 10:21 A d:\u\dsa\analyze\GALENET.MAT <-- nems /default/analyze GALENET.MAT
100.02.08 10:21 A d:\u\dsa\analyze\GALENET.MNS <-- nems /default/analyze GALENET.MNS
100.02.08 10:21 A d:\u\dsa\analyze\GALENET.SYN <-- nems /default/analyze GALENET.SYN
100.02.08 10:21 A d:\u\dsa\analyze\GALGRTHM.DOC <-- nems /default/analyze GALGRTHM.DOC
100.02.08 10:21 A d:\u\dsa\analyze\GETSOLN.DOC <-- nems /default/analyze GETSOLN.DOC
100.02.08 10:21 A d:\u\dsa\analyze\GRAPH.DOC <-- nems /default/analyze GRAPH.DOC
100.02.08 10:21 A d:\u\dsa\analyze\GRAPH.HLP <-- nems /default/analyze GRAPH.HLP
100.02.08 10:21 A d:\u\dsa\analyze\GRAPH.REF <-- nems /default/analyze GRAPH.REF
100.02.08 10:21 A d:\u\dsa\analyze\GRAPHICS.DOC <-- nems /default/analyze GRAPHICS.DOC
100.02.08 10:21 A d:\u\dsa\analyze\GUIDE.DOC <-- nems /default/analyze GUIDE.DOC
100.02.08 10:21 A d:\u\dsa\analyze\gupck.doc <-- nems /default/analyze gupck.doc
100.02.08 10:21 A d:\u\dsa\analyze\gupck.DOC <-- nems /default/analyze gupck.DOC
100.02.08 10:21 A d:\u\dsa\analyze\gupckgen.f <-- nems /default/analyze gupckgen.f
100.02.08 10:21 A d:\u\dsa\analyze\gupcklib.f <-- nems /default/analyze gupcklib.f
100.02.08 10:21 A d:\u\dsa\analyze\HELP.HLP <-- nems /default/analyze HELP.HLP
100.02.08 10:21 A d:\u\dsa\analyze\IIS.EXC <-- nems /default/analyze IIS.EXC
100.02.08 10:21 A d:\u\dsa\analyze\INCLUDE.DOC <-- nems /default/analyze INCLUDE.DOC
100.02.08 10:21 A d:\u\dsa\analyze\INFABP.RUL <-- nems /default/analyze INFABP.RUL
100.02.08 10:21 A d:\u\dsa\analyze\INFEAS.AGG <-- nems /default/analyze INFEAS.AGG
100.02.08 10:21 A d:\u\dsa\analyze\INFEAS.COL <-- nems /default/analyze INFEAS.COL
100.02.08 10:21 A d:\u\dsa\analyze\INFEAS.INC <-- nems /default/analyze INFEAS.INC
100.02.08 10:21 A d:\u\dsa\analyze\INFEAS.PRC <-- nems /default/analyze INFEAS.PRC
100.02.08 10:21 A d:\u\dsa\analyze\INFEAS.ROW <-- nems /default/analyze INFEAS.ROW
100.02.08 10:21 A d:\u\dsa\analyze\INFEAS.RUL <-- nems /default/analyze INFEAS.RUL
100.02.08 10:21 A d:\u\dsa\analyze\INTERPRT.DOC <-- nems /default/analyze INTERPRT.DOC
100.02.08 10:21 A d:\u\dsa\analyze\INTERPRT.HLP <-- nems /default/analyze INTERPRT.HLP
100.02.08 10:21 A d:\u\dsa\analyze\ITEST.EXC <-- nems /default/analyze ITEST.EXC
100.02.08 10:21 A d:\u\dsa\analyze\KEYS.DIC <-- nems /default/analyze KEYS.DIC
100.02.08 10:21 A d:\u\dsa\analyze\LANDUSE.MAT <-- nems /default/analyze LANDUSE.MAT
100.02.08 10:21 A d:\u\dsa\analyze\LANDUSE.MNS <-- nems /default/analyze LANDUSE.MNS
100.02.08 10:21 A d:\u\dsa\analyze\LANDUSE.PCK <-- nems /default/analyze LANDUSE.PCK
100.02.08 10:21 A d:\u\dsa\analyze\LANDUSE.SYN <-- nems /default/analyze LANDUSE.SYN
100.02.08 10:21 A d:\u\dsa\analyze\LGLTEST.MAT <-- nems /default/analyze LGLTEST.MAT
100.02.08 10:21 A d:\u\dsa\analyze\LIST.HLP <-- nems /default/analyze LIST.HLP
100.02.08 10:21 A d:\u\dsa\analyze\loslanal.s <-- nems /default/analyze loslanal.s
100.02.08 10:21 A d:\u\dsa\analyze\loslpck.s <-- nems /default/analyze loslpck.s
100.02.08 10:21 A d:\u\dsa\analyze\MENU.DOC <-- nems /default/analyze MENU.DOC
100.02.08 10:21 A d:\u\dsa\analyze\MODEL.RUL <-- nems /default/analyze MODEL.RUL
100.02.08 10:21 A d:\u\dsa\analyze\MOREBLND.DOC <-- nems /default/analyze MOREBLND.DOC
100.02.08 10:21 A d:\u\dsa\analyze\MOREDATA.DOC <-- nems /default/analyze MOREDATA.DOC
100.02.08 10:21 A d:\u\dsa\analyze\MOREDATA.EXC <-- nems /default/analyze MOREDATA.EXC
100.02.08 10:21 A d:\u\dsa\analyze\moslanal.s <-- nems /default/analyze moslanal.s
100.02.08 10:21 A d:\u\dsa\analyze\moslpck.s <-- nems /default/analyze moslpck.s
100.02.08 10:21 A d:\u\dsa\analyze\NAME10.MAT <-- nems /default/analyze NAME10.MAT
100.02.08 10:21 A d:\u\dsa\analyze\NAME16.EXC <-- nems /default/analyze NAME16.EXC
100.02.08 10:21 A d:\u\dsa\analyze\NAME16.FPK <-- nems /default/analyze NAME16.FPK
100.02.08 10:21 A d:\u\dsa\analyze\NETRANGE.MAT <-- nems /default/analyze NETRANGE.MAT
100.02.08 10:21 A d:\u\dsa\analyze\NOTOPT.EXC <-- nems /default/analyze NOTOPT.EXC
100.02.08 10:21 A d:\u\dsa\analyze\NULL.COL <-- nems /default/analyze NULL.COL
100.02.08 10:21 A d:\u\dsa\analyze\NULL.ROW <-- nems /default/analyze NULL.ROW
100.02.08 10:21 A d:\u\dsa\analyze\OBJECTIV.INC <-- nems /default/analyze OBJECTIV.INC
100.02.08 10:21 A d:\u\dsa\analyze\OBJECTIV.RUL <-- nems /default/analyze OBJECTIV.RUL
100.02.08 10:21 A d:\u\dsa\analyze\OK.TXT <-- nems /default/analyze OK.TXT
100.02.08 10:21 A d:\u\dsa\analyze\oslanal <-- nems /default/analyze oslanal
100.02.08 10:21 A d:\u\dsa\analyze\oslanal.doc <-- nems /default/analyze oslanal.doc
100.02.08 10:21 A d:\u\dsa\analyze\oslanal.f <-- nems /default/analyze oslanal.f
100.02.08 10:21 A d:\u\dsa\analyze\oslcomp.s <-- nems /default/analyze oslcomp.s
100.02.08 10:21 A d:\u\dsa\analyze\oslpck <-- nems /default/analyze oslpck
100.02.08 10:21 A d:\u\dsa\analyze\oslsolve.f <-- nems /default/analyze oslsolve.f
100.02.08 10:21 A d:\u\dsa\analyze\oslsolve.m <-- nems /default/analyze oslsolve.m
100.02.08 10:21 A d:\u\dsa\analyze\oslsolve.s <-- nems /default/analyze oslsolve.s
100.02.08 10:21 A d:\u\dsa\analyze\OUTPUT.HLP <-- nems /default/analyze OUTPUT.HLP
100.02.08 10:21 A d:\u\dsa\analyze\OVERVIEW.EXC <-- nems /default/analyze OVERVIEW.EXC
100.02.08 10:21 A d:\u\dsa\analyze\PICTURE.HLP <-- nems /default/analyze PICTURE.HLP
100.02.08 10:21 A d:\u\dsa\analyze\PLOTS.EXC <-- nems /default/analyze PLOTS.EXC
100.02.08 10:21 A d:\u\dsa\analyze\POLLKOHN.MAT <-- nems /default/analyze POLLKOHN.MAT
100.02.08 10:21 A d:\u\dsa\analyze\POLLKOHN.MNS <-- nems /default/analyze POLLKOHN.MNS
100.02.08 10:21 A d:\u\dsa\analyze\POLLKOHN.SYN <-- nems /default/analyze POLLKOHN.SYN
100.02.08 10:21 A d:\u\dsa\analyze\PRICE.RUL <-- nems /default/analyze PRICE.RUL
100.02.08 10:21 A d:\u\dsa\analyze\PRICEB.RUL <-- nems /default/analyze PRICEB.RUL
100.02.08 10:21 A d:\u\dsa\analyze\PRICED.RUL <-- nems /default/analyze PRICED.RUL
100.02.08 10:21 A d:\u\dsa\analyze\PRICER.RUL <-- nems /default/analyze PRICER.RUL
100.02.08 10:21 A d:\u\dsa\analyze\PRICES.RUL <-- nems /default/analyze PRICES.RUL
100.02.08 10:21 A d:\u\dsa\analyze\PRINT.HLP <-- nems /default/analyze PRINT.HLP
100.02.08 10:21 A d:\u\dsa\analyze\PRISON.DOC <-- nems /default/analyze PRISON.DOC
100.02.08 10:21 A d:\u\dsa\analyze\PRISON.EXC <-- nems /default/analyze PRISON.EXC
100.02.08 10:21 A d:\u\dsa\analyze\PRISON.MAT <-- nems /default/analyze PRISON.MAT
100.02.08 10:21 A d:\u\dsa\analyze\PRISON.MNS <-- nems /default/analyze PRISON.MNS
100.02.08 10:21 A d:\u\dsa\analyze\PRISON.RUL <-- nems /default/analyze PRISON.RUL
100.02.08 10:21 A d:\u\dsa\analyze\PRISON.SYN <-- nems /default/analyze PRISON.SYN
100.02.08 10:21 A d:\u\dsa\analyze\PRISONM.EXC <-- nems /default/analyze PRISONM.EXC
100.02.08 10:21 A d:\u\dsa\analyze\PRISONM.MAT <-- nems /default/analyze PRISONM.MAT
100.02.08 10:21 A d:\u\dsa\analyze\PRISONM.MNS <-- nems /default/analyze PRISONM.MNS
100.02.08 10:21 A d:\u\dsa\analyze\PRISONMX.EXC <-- nems /default/analyze PRISONMX.EXC
100.02.08 10:21 A d:\u\dsa\analyze\PRISONMX.MAT <-- nems /default/analyze PRISONMX.MAT
100.02.08 10:21 A d:\u\dsa\analyze\PRISONMX.MNS <-- nems /default/analyze PRISONMX.MNS
100.02.08 10:21 A d:\u\dsa\analyze\PRISONX.EXC <-- nems /default/analyze PRISONX.EXC
100.02.08 10:21 A d:\u\dsa\analyze\PRISONX.MAT <-- nems /default/analyze PRISONX.MAT
100.02.08 10:21 A d:\u\dsa\analyze\PRISONX.MNS <-- nems /default/analyze PRISONX.MNS
100.02.08 10:21 A d:\u\dsa\analyze\PRODINF.MAT <-- nems /default/analyze PRODINF.MAT
100.02.08 10:21 A d:\u\dsa\analyze\PRODINF.MNS <-- nems /default/analyze PRODINF.MNS
100.02.08 10:21 A d:\u\dsa\analyze\PRODIST.MAT <-- nems /default/analyze PRODIST.MAT
100.02.08 10:21 A d:\u\dsa\analyze\PRODIST.MNS <-- nems /default/analyze PRODIST.MNS
100.02.08 10:21 A d:\u\dsa\analyze\PRODIST.SYN <-- nems /default/analyze PRODIST.SYN
100.02.08 10:21 A d:\u\dsa\analyze\PRSUB.EXC <-- nems /default/analyze PRSUB.EXC
100.02.08 10:21 A d:\u\dsa\analyze\PRSUB.MAT <-- nems /default/analyze PRSUB.MAT
100.02.08 10:21 A d:\u\dsa\analyze\PRSUB.MNS <-- nems /default/analyze PRSUB.MNS
100.02.08 10:21 A d:\u\dsa\analyze\PRSUB.PCK <-- nems /default/analyze PRSUB.PCK
100.02.08 10:21 A d:\u\dsa\analyze\PRSUB.SYN <-- nems /default/analyze PRSUB.SYN
100.02.08 10:21 A d:\u\dsa\analyze\PUM1SOS.MAT <-- nems /default/analyze PUM1SOS.MAT
100.02.08 10:21 A d:\u\dsa\analyze\QUICKREF.DOC <-- nems /default/analyze QUICKREF.DOC
100.02.08 10:21 A d:\u\dsa\analyze\QUIT.HLP <-- nems /default/analyze QUIT.HLP
100.02.08 10:21 A d:\u\dsa\analyze\RADEX.MAT <-- nems /default/analyze RADEX.MAT
100.02.08 10:21 A d:\u\dsa\analyze\RADEX.OB1 <-- nems /default/analyze RADEX.OB1
100.02.08 10:21 A d:\u\dsa\analyze\RADEX.PCK <-- nems /default/analyze RADEX.PCK
100.02.08 10:21 A d:\u\dsa\analyze\RATEMAT.RUL <-- nems /default/analyze RATEMAT.RUL
100.02.08 10:21 A d:\u\dsa\analyze\RATEOF.DOC <-- nems /default/analyze RATEOF.DOC
100.02.08 10:21 A d:\u\dsa\analyze\RATEOF.HLP <-- nems /default/analyze RATEOF.HLP
100.02.08 10:21 A d:\u\dsa\analyze\RATETAB.EXC <-- nems /default/analyze RATETAB.EXC
100.02.08 10:21 A d:\u\dsa\analyze\RATETST.MAT <-- nems /default/analyze RATETST.MAT
100.02.08 10:21 A d:\u\dsa\analyze\RATETST.MNS <-- nems /default/analyze RATETST.MNS
100.02.08 10:21 A d:\u\dsa\analyze\RATETST.PCK <-- nems /default/analyze RATETST.PCK
100.02.08 10:21 A d:\u\dsa\analyze\RCPROMPT.SYN <-- nems /default/analyze RCPROMPT.SYN
100.02.08 10:21 A d:\u\dsa\analyze\READIN.HLP <-- nems /default/analyze READIN.HLP
100.02.08 10:21 A d:\u\dsa\analyze\README.DOC <-- nems /default/analyze README.DOC
100.02.08 10:21 A d:\u\dsa\analyze\READWRIT.EXC <-- nems /default/analyze READWRIT.EXC
100.02.08 10:21 A d:\u\dsa\analyze\RECAP.HLP <-- nems /default/analyze RECAP.HLP
100.02.08 10:21 A d:\u\dsa\analyze\REDTEST.MAT <-- nems /default/analyze REDTEST.MAT
100.02.08 10:21 A d:\u\dsa\analyze\REDUCE.HLP <-- nems /default/analyze REDUCE.HLP
100.02.08 10:21 A d:\u\dsa\analyze\REDUND.DOC <-- nems /default/analyze REDUND.DOC
100.02.08 10:21 A d:\u\dsa\analyze\REDUND.EXC <-- nems /default/analyze REDUND.EXC
100.02.08 10:21 A d:\u\dsa\analyze\REDUND.RUL <-- nems /default/analyze REDUND.RUL
100.02.08 10:21 A d:\u\dsa\analyze\REFD.RUL <-- nems /default/analyze REFD.RUL
100.02.08 10:21 A d:\u\dsa\analyze\REFINERY.EXC <-- nems /default/analyze REFINERY.EXC
100.02.08 10:21 A d:\u\dsa\analyze\REFINERY.EXP <-- nems /default/analyze REFINERY.EXP
100.02.08 10:21 A d:\u\dsa\analyze\REFINERY.MAT <-- nems /default/analyze REFINERY.MAT
100.02.08 10:21 A d:\u\dsa\analyze\REFINERY.MNS <-- nems /default/analyze REFINERY.MNS
100.02.08 10:21 A d:\u\dsa\analyze\REFINERY.PCK <-- nems /default/analyze REFINERY.PCK
100.02.08 10:21 A d:\u\dsa\analyze\REFINERY.SYN <-- nems /default/analyze REFINERY.SYN
100.02.08 10:21 A d:\u\dsa\analyze\REFINERY.TEL <-- nems /default/analyze REFINERY.TEL
100.02.08 10:21 A d:\u\dsa\analyze\REFINFEA.IIS <-- nems /default/analyze REFINFEA.IIS
100.02.08 10:21 A d:\u\dsa\analyze\REFINFEA.MAT <-- nems /default/analyze REFINFEA.MAT
100.02.08 10:21 A d:\u\dsa\analyze\REFINFEA.MNS <-- nems /default/analyze REFINFEA.MNS
100.02.08 10:21 A d:\u\dsa\analyze\RENAME.HLP <-- nems /default/analyze RENAME.HLP
100.02.08 10:21 A d:\u\dsa\analyze\REPORT.EXC <-- nems /default/analyze REPORT.EXC
100.02.08 10:21 A d:\u\dsa\analyze\REPORT.RUL <-- nems /default/analyze REPORT.RUL
100.02.08 10:21 A d:\u\dsa\analyze\RETURN.HLP <-- nems /default/analyze RETURN.HLP
100.02.08 10:21 A d:\u\dsa\analyze\ROUND.HLP <-- nems /default/analyze ROUND.HLP
100.02.08 10:21 A d:\u\dsa\analyze\RULBASE.RUL <-- nems /default/analyze RULBASE.RUL
100.02.08 10:21 A d:\u\dsa\analyze\RULEBASE.DOC <-- nems /default/analyze RULEBASE.DOC
100.02.08 10:21 A d:\u\dsa\analyze\SCHEMA.DOC <-- nems /default/analyze SCHEMA.DOC
100.02.08 10:21 A d:\u\dsa\analyze\SCHEMA.HLP <-- nems /default/analyze SCHEMA.HLP
100.02.08 10:21 A d:\u\dsa\analyze\SCREEN.HLP <-- nems /default/analyze SCREEN.HLP
100.02.08 10:21 A d:\u\dsa\analyze\SETBASIS.RUL <-- nems /default/analyze SETBASIS.RUL
100.02.08 10:21 A d:\u\dsa\analyze\SETDATA.EXC <-- nems /default/analyze SETDATA.EXC
100.02.08 10:21 A d:\u\dsa\analyze\SETUP.DOC <-- nems /default/analyze SETUP.DOC
100.02.08 10:21 A d:\u\dsa\analyze\SETUP.EXC <-- nems /default/analyze SETUP.EXC
100.02.08 10:21 A d:\u\dsa\analyze\SETUP.OLD <-- nems /default/analyze SETUP.OLD
100.02.08 10:21 A d:\u\dsa\analyze\SETUP0.EXC <-- nems /default/analyze SETUP0.EXC
100.02.08 10:21 A d:\u\dsa\analyze\SHIFT.RUL <-- nems /default/analyze SHIFT.RUL
100.02.08 10:21 A d:\u\dsa\analyze\SHOW.HLP <-- nems /default/analyze SHOW.HLP
100.02.08 10:21 A d:\u\dsa\analyze\SHOWIO.DOC <-- nems /default/analyze SHOWIO.DOC
100.02.08 10:21 A d:\u\dsa\analyze\SOLSTATS.RUL <-- nems /default/analyze SOLSTATS.RUL
100.02.08 10:21 A d:\u\dsa\analyze\SOLUTION.DOC <-- nems /default/analyze SOLUTION.DOC
100.02.08 10:21 A d:\u\dsa\analyze\SOLUTION.HLP <-- nems /default/analyze SOLUTION.HLP
100.02.08 10:21 A d:\u\dsa\analyze\SOLVERS.DOC <-- nems /default/analyze SOLVERS.DOC
100.02.08 10:21 A d:\u\dsa\analyze\STACK.INC <-- nems /default/analyze STACK.INC
100.02.08 10:21 A d:\u\dsa\analyze\STARTUP.DOC <-- nems /default/analyze STARTUP.DOC
100.02.08 10:21 A d:\u\dsa\analyze\STATS.RUL <-- nems /default/analyze STATS.RUL
100.02.08 10:21 A d:\u\dsa\analyze\STATUS.DOC <-- nems /default/analyze STATUS.DOC
100.02.08 10:21 A d:\u\dsa\analyze\STRING.HLP <-- nems /default/analyze STRING.HLP
100.02.08 10:21 A d:\u\dsa\analyze\SUBMAT.HLP <-- nems /default/analyze SUBMAT.HLP
100.02.08 10:21 A d:\u\dsa\analyze\SUMMARY.HLP <-- nems /default/analyze SUMMARY.HLP
100.02.08 10:22 A d:\u\dsa\analyze\SUPDEM.RUL <-- nems /default/analyze SUPDEM.RUL
100.02.08 10:22 A d:\u\dsa\analyze\SUPDEMEQ.MAT <-- nems /default/analyze SUPDEMEQ.MAT
100.02.08 10:22 A d:\u\dsa\analyze\SUPDEMEQ.MNS <-- nems /default/analyze SUPDEMEQ.MNS
100.02.08 10:22 A d:\u\dsa\analyze\SUPDEMEQ.SYN <-- nems /default/analyze SUPDEMEQ.SYN
100.02.08 10:22 A d:\u\dsa\analyze\SWITCH.HLP <-- nems /default/analyze SWITCH.HLP
100.02.08 10:22 A d:\u\dsa\analyze\SWITCH0.EXC <-- nems /default/analyze SWITCH0.EXC
100.02.08 10:22 A d:\u\dsa\analyze\SWITCHES.DOC <-- nems /default/analyze SWITCHES.DOC
100.02.08 10:22 A d:\u\dsa\analyze\SYMBOLS.DOC <-- nems /default/analyze SYMBOLS.DOC
100.02.08 10:22 A d:\u\dsa\analyze\SYNGEN.DOC <-- nems /default/analyze SYNGEN.DOC
100.02.08 10:22 A d:\u\dsa\analyze\SYNTAX.DOC <-- nems /default/analyze SYNTAX.DOC
100.02.08 10:22 A d:\u\dsa\analyze\SYNTAX.HLP <-- nems /default/analyze SYNTAX.HLP
100.02.08 10:22 A d:\u\dsa\analyze\TABLE.HLP <-- nems /default/analyze TABLE.HLP
100.02.08 10:22 A d:\u\dsa\analyze\TABLTEST.EXC <-- nems /default/analyze TABLTEST.EXC
100.02.08 10:22 A d:\u\dsa\analyze\TAKEANAL.FTP <-- nems /default/analyze TAKEANAL.FTP
100.02.08 10:22 A d:\u\dsa\analyze\TAKEDATA.FTP <-- nems /default/analyze TAKEDATA.FTP
100.02.08 10:22 A d:\u\dsa\analyze\TALLY.HLP <-- nems /default/analyze TALLY.HLP
100.02.08 10:22 A d:\u\dsa\analyze\TELLME.RUL <-- nems /default/analyze TELLME.RUL
100.02.08 10:22 A d:\u\dsa\analyze\TEST.RUL <-- nems /default/analyze TEST.RUL
100.02.08 10:22 A d:\u\dsa\analyze\TESTVEC.RUL <-- nems /default/analyze TESTVEC.RUL
100.02.08 10:22 A d:\u\dsa\analyze\TRACE.HLP <-- nems /default/analyze TRACE.HLP
100.02.08 10:22 A d:\u\dsa\analyze\TRANSRW.EXC <-- nems /default/analyze TRANSRW.EXC
100.02.08 10:22 A d:\u\dsa\analyze\TRANSRW.SYN <-- nems /default/analyze TRANSRW.SYN
100.02.08 10:22 A d:\u\dsa\analyze\TRANSRW1.MAT <-- nems /default/analyze TRANSRW1.MAT
100.02.08 10:22 A d:\u\dsa\analyze\TRANSRW1.MNS <-- nems /default/analyze TRANSRW1.MNS
100.02.08 10:22 A d:\u\dsa\analyze\TRANSRW2.MAT <-- nems /default/analyze TRANSRW2.MAT
100.02.08 10:22 A d:\u\dsa\analyze\TRANSRW2.MNS <-- nems /default/analyze TRANSRW2.MNS
100.02.08 10:22 A d:\u\dsa\analyze\TRANSRW3.MAT <-- nems /default/analyze TRANSRW3.MAT
100.02.08 10:22 A d:\u\dsa\analyze\TRANSRW3.MNS <-- nems /default/analyze TRANSRW3.MNS
100.02.08 10:22 A d:\u\dsa\analyze\TRANSRW4.MAT <-- nems /default/analyze TRANSRW4.MAT
100.02.08 10:22 A d:\u\dsa\analyze\TRANSRW4.MNS <-- nems /default/analyze TRANSRW4.MNS
100.02.08 10:22 A d:\u\dsa\analyze\UNBOUND.RUL <-- nems /default/analyze UNBOUND.RUL
100.02.08 10:22 A d:\u\dsa\analyze\UNKNOWN.TEL <-- nems /default/analyze UNKNOWN.TEL
100.02.08 10:22 A d:\u\dsa\analyze\VERIFY.HLP <-- nems /default/analyze VERIFY.HLP
100.02.08 10:22 A d:\u\dsa\analyze\WATERPOL.MAT <-- nems /default/analyze WATERPOL.MAT
100.02.08 10:22 A d:\u\dsa\analyze\WATERPOL.MNS <-- nems /default/analyze WATERPOL.MNS
100.02.08 10:22 A d:\u\dsa\analyze\WATERPOL.SYN <-- nems /default/analyze WATERPOL.SYN
100.02.08 10:22 A d:\u\dsa\analyze\WHATIF.RUL <-- nems /default/analyze WHATIF.RUL
100.02.08 10:22 A d:\u\dsa\analyze\WOODINFE.EXC <-- nems /default/analyze WOODINFE.EXC
100.02.08 10:22 A d:\u\dsa\analyze\WOODINFE.IIS <-- nems /default/analyze WOODINFE.IIS
100.02.08 10:22 A d:\u\dsa\analyze\WOODINFE.MAT <-- nems /default/analyze WOODINFE.MAT
100.02.08 10:22 A d:\u\dsa\analyze\WOODINFE.MNS <-- nems /default/analyze WOODINFE.MNS
100.02.08 10:22 A d:\u\dsa\analyze\WOODINFE.OB1 <-- nems /default/analyze WOODINFE.OB1
100.02.08 10:22 A d:\u\dsa\analyze\WOODINFE.PCK <-- nems /default/analyze WOODINFE.PCK
100.02.08 10:22 A d:\u\dsa\analyze\WOODNET.DIC <-- nems /default/analyze WOODNET.DIC
100.02.08 10:22 A d:\u\dsa\analyze\WOODNET.EXC <-- nems /default/analyze WOODNET.EXC
100.02.08 10:22 A d:\u\dsa\analyze\WOODNET.FPK <-- nems /default/analyze WOODNET.FPK
100.02.08 10:22 A d:\u\dsa\analyze\WOODNET.MAT <-- nems /default/analyze WOODNET.MAT
100.02.08 10:22 A d:\u\dsa\analyze\WOODNET.MNS <-- nems /default/analyze WOODNET.MNS
100.02.08 10:22 A d:\u\dsa\analyze\WOODNET.OB1 <-- nems /default/analyze WOODNET.OB1
100.02.08 10:22 A d:\u\dsa\analyze\WOODNET.OSL <-- nems /default/analyze WOODNET.OSL
100.02.08 10:22 A d:\u\dsa\analyze\WOODNET.PCK <-- nems /default/analyze WOODNET.PCK
100.02.08 10:22 A d:\u\dsa\analyze\WOODNET.RUL <-- nems /default/analyze WOODNET.RUL
100.02.08 10:22 A d:\u\dsa\analyze\WOODNET.SYN <-- nems /default/analyze WOODNET.SYN
100.02.08 10:22 A d:\u\dsa\analyze\WOODNET.TEL <-- nems /default/analyze WOODNET.TEL
100.02.08 10:22 A d:\u\dsa\analyze\WOODPLOT.RUL <-- nems /default/analyze WOODPLOT.RUL
100.02.08 10:22 A d:\u\dsa\analyze\WOODSETS.INC <-- nems /default/analyze WOODSETS.INC
100.02.08 10:22 A d:\u\dsa\analyze\WOODSOLN.RUL <-- nems /default/analyze WOODSOLN.RUL
100.02.08 10:22 A d:\u\dsa\analyze\WOODUNBD.EXC <-- nems /default/analyze WOODUNBD.EXC
100.02.08 10:22 A d:\u\dsa\analyze\WOODUNBD.MAT <-- nems /default/analyze WOODUNBD.MAT
100.02.08 10:22 A d:\u\dsa\analyze\WOODUNBD.MNS <-- nems /default/analyze WOODUNBD.MNS
100.02.08 10:22 A d:\u\dsa\analyze\WOODUNBD.OB1 <-- nems /default/analyze WOODUNBD.OB1
100.02.08 10:22 A d:\u\dsa\analyze\WOODUNBD.PCK <-- nems /default/analyze WOODUNBD.PCK
100.02.08 10:22 A d:\u\dsa\analyze\WRIIS.EXC <-- nems /default/analyze WRIIS.EXC
100.02.08 10:22 A d:\u\dsa\analyze\WRITEOUT.HLP <-- nems /default/analyze WRITEOUT.HLP
100.02.08 10:23 A d:\u\dsa\analyze\analyze.s <-- nems /default/analyze/source analyze.s
100.02.08 10:23 A d:\u\dsa\analyze\cgupck.s <-- nems /default/analyze/source cgupck.s
100.02.08 10:23 A d:\u\dsa\analyze\chmodata.s <-- nems /default/analyze/source chmodata.s
100.02.08 10:23 A d:\u\dsa\analyze\chmodfor.s <-- nems /default/analyze/source chmodfor.s
100.02.08 10:23 A d:\u\dsa\analyze\companal.s <-- nems /default/analyze/source companal.s
100.02.08 10:23 A d:\u\dsa\analyze\compflip.s <-- nems /default/analyze/source compflip.s
100.02.08 10:23 A d:\u\dsa\analyze\compgetm.s <-- nems /default/analyze/source compgetm.s
100.02.08 10:23 A d:\u\dsa\analyze\compview.s <-- nems /default/analyze/source compview.s
100.02.08 10:23 A d:\u\dsa\analyze\coslanal.s <-- nems /default/analyze/source coslanal.s
100.02.08 10:23 A d:\u\dsa\analyze\linkanal.s <-- nems /default/analyze/source linkanal.s
100.02.08 10:23 A d:\u\dsa\analyze\loadata.s <-- nems /default/analyze/source loadata.s
100.02.08 10:23 A d:\u\dsa\analyze\loslanal.s <-- nems /default/analyze/source loslanal.s
100.02.08 10:23 A d:\u\dsa\analyze\makeanal.s <-- nems /default/analyze/source makeanal.s
100.02.08 10:23 A d:\u\dsa\analyze\moslanal.s <-- nems /default/analyze/source moslanal.s
100.02.08 10:23 A d:\u\dsa\analyze\rsdistr.s <-- nems /default/analyze/source rsdistr.s
100.02.08 10:24 A d:\u\dsa\analyze\analyze.s <-- nems /default/analyze analyze.s
100.02.08 10:24 A d:\u\dsa\analyze\cgupck.s <-- nems /default/analyze cgupck.s
100.02.08 10:24 A d:\u\dsa\analyze\coslanal.s <-- nems /default/analyze coslanal.s
100.02.08 10:24 A d:\u\dsa\analyze\coslpck.s <-- nems /default/analyze coslpck.s
100.02.08 10:24 A d:\u\dsa\analyze\loslanal.s <-- nems /default/analyze loslanal.s
100.02.08 10:24 A d:\u\dsa\analyze\loslpck.s <-- nems /default/analyze loslpck.s
100.02.08 10:24 A d:\u\dsa\analyze\moslanal.s <-- nems /default/analyze moslanal.s
100.02.08 10:24 A d:\u\dsa\analyze\moslpck.s <-- nems /default/analyze moslpck.s
100.02.08 10:24 A d:\u\dsa\analyze\oslcomp.s <-- nems /default/analyze oslcomp.s
100.02.08 10:24 A d:\u\dsa\analyze\oslsolve.s <-- nems /default/analyze oslsolve.s
