                                    48
SCRCHR                           13264
SCRNUM                              16
GRCHRS                            1920
GRVALS                             128
RCHR80                            7936
RCHR16                          928832
RCHR08                            1184
RCHRTX                             128
RSWTCH                              32
RULNUM                           32160
SCHCHR                           26944
SCHNUM                              32
EXPINT                             160
EXPCHR                          176224
BNUMS                           232640
BNAMES                            8608
ASBVAL                             200
ASOLST                              24
ASBNUM                              64
ASBNAM                              96
AKEYN                              800
AKEYV                              208
AVALUE                              16
ATRNUM                              32
ASTATS                              64
ANLCMD                              64
ADEBUG                              32
AVERSN                              32
AFILES                              32
ASCRCH                           32032
ALISTS                          128032
ANAMES                             432
ASWTCH                              16
REDCOM                             144
IBRNGV                               8
GCHARS                               8
GBASE2                             384
GNAME                          1200160
PIVHST                             928
GVALUE                        20800016
GETDBG                              16
GINDEX                        12400000
FLKEYC                            9600
FLKEYN                             224
FLCSTR                            3200
FSETN                               32
FSETDC                            1800
FCDNUM                              24
FCDCHR                           31312
FCRNUM                              16
FCSNUM                              32
FCSCHR                            2944
FIOCHR                              96
FIONUM                              64
FLPDBG                              32
FLCNUM                              64
for__file_info_hash_table         4192
for__lub_table                    5008
lpStackWalk                          4
himagehlp                            4
lpSymInitialize                      4
lpImagehlpApiVersionEx               4
lpSymCleanup                         4
lpSymFunctionTableAccess             4
for__l_argc                          4
for__a_argv                          4
for__l_excpt_info                    4
__mbcodepage                        12
__mbulinfo                          12
__ismbcodepage                      20
_mbcasemap                         256
_mbctype                           260
__mblcid                             4
_acmdln                             24
__pioinfo                          256
_nhandle                             4
__sbh_sizeHeaderList                 4
__sbh_indGroupDefer                  4
__sbh_pHeaderScan                    4
__sbh_pHeaderDefer                   4
__sbh_cntHeaderList                  4
__sbh_pHeaderList                    4
_crtheap                             4
_matherr_flag                        4
__piob                              28
_bufin                            4096
_nstream                             4
__env_initialized                    4
__mbctype_initialized                4
__onexitend                          4
