100.02.08 10:10 A d:\u\dsa\analyze\source\abasis.f <-- nems /default/analyze/source abasis.f
100.02.08 10:10 A d:\u\dsa\analyze\source\aedit.f <-- nems /default/analyze/source aedit.f
100.02.08 10:10 A d:\u\dsa\analyze\source\analsys.f <-- nems /default/analyze/source analsys.f
100.02.08 10:10 A d:\u\dsa\analyze\source\aquery1.f <-- nems /default/analyze/source aquery1.f
100.02.08 10:10 A d:\u\dsa\analyze\source\aquery2.f <-- nems /default/analyze/source aquery2.f
100.02.08 10:10 A d:\u\dsa\analyze\source\arate1.f <-- nems /default/analyze/source arate1.f
100.02.08 10:10 A d:\u\dsa\analyze\source\arate2.f <-- nems /default/analyze/source arate2.f
100.02.08 10:10 A d:\u\dsa\analyze\source\areadin.f <-- nems /default/analyze/source areadin.f
100.02.08 10:10 A d:\u\dsa\analyze\source\aschema.f <-- nems /default/analyze/source aschema.f
100.02.08 10:10 A d:\u\dsa\analyze\source\asensitv.f <-- nems /default/analyze/source asensitv.f
100.02.08 10:10 A d:\u\dsa\analyze\source\ashow.f <-- nems /default/analyze/source ashow.f
100.02.08 10:10 A d:\u\dsa\analyze\source\asubmat.f <-- nems /default/analyze/source asubmat.f
100.02.08 10:10 A d:\u\dsa\analyze\source\blkfind.f <-- nems /default/analyze/source blkfind.f
100.02.08 10:10 A d:\u\dsa\analyze\source\blkio.f <-- nems /default/analyze/source blkio.f
100.02.08 10:10 A d:\u\dsa\analyze\source\blkmgt.f <-- nems /default/analyze/source blkmgt.f
100.02.08 10:10 A d:\u\dsa\analyze\source\blkplot.f <-- nems /default/analyze/source blkplot.f
100.02.08 10:10 A d:\u\dsa\analyze\source\explain.f <-- nems /default/analyze/source explain.f
100.02.08 10:10 A d:\u\dsa\analyze\source\fldictry.f <-- nems /default/analyze/source fldictry.f
100.02.08 10:10 A d:\u\dsa\analyze\source\flfiles.f <-- nems /default/analyze/source flfiles.f
100.02.08 10:10 A d:\u\dsa\analyze\source\flipmain.f <-- nems /default/analyze/source flipmain.f
100.02.08 10:10 A d:\u\dsa\analyze\source\flipmgt.f <-- nems /default/analyze/source flipmgt.f
100.02.08 10:10 A d:\u\dsa\analyze\source\flkeywrd.f <-- nems /default/analyze/source flkeywrd.f
100.02.08 10:10 A d:\u\dsa\analyze\source\flparse.f <-- nems /default/analyze/source flparse.f
100.02.08 10:10 A d:\u\dsa\analyze\source\flrand.f <-- nems /default/analyze/source flrand.f
100.02.08 10:10 A d:\u\dsa\analyze\source\flscreen.f <-- nems /default/analyze/source flscreen.f
100.02.08 10:10 A d:\u\dsa\analyze\source\flstring.f <-- nems /default/analyze/source flstring.f
100.02.08 10:10 A d:\u\dsa\analyze\source\gbagnda1.f <-- nems /default/analyze/source gbagnda1.f
100.02.08 10:10 A d:\u\dsa\analyze\source\gbagnda2.f <-- nems /default/analyze/source gbagnda2.f
100.02.08 10:10 A d:\u\dsa\analyze\source\gbrange.f <-- nems /default/analyze/source gbrange.f
100.02.08 10:10 A d:\u\dsa\analyze\source\gbrver.f <-- nems /default/analyze/source gbrver.f
100.02.08 10:10 A d:\u\dsa\analyze\source\getedit.f <-- nems /default/analyze/source getedit.f
100.02.08 10:10 A d:\u\dsa\analyze\source\getiomat.f <-- nems /default/analyze/source getiomat.f
100.02.08 10:10 A d:\u\dsa\analyze\source\getiopck.f <-- nems /default/analyze/source getiopck.f
100.02.08 10:10 A d:\u\dsa\analyze\source\getiosol.f <-- nems /default/analyze/source getiosol.f
100.02.08 10:10 A d:\u\dsa\analyze\source\getiosub.f <-- nems /default/analyze/source getiosub.f
100.02.08 10:10 A d:\u\dsa\analyze\source\getlib.f <-- nems /default/analyze/source getlib.f
100.02.08 10:10 A d:\u\dsa\analyze\source\getrans.f <-- nems /default/analyze/source getrans.f
100.02.08 10:10 A d:\u\dsa\analyze\source\getset.f <-- nems /default/analyze/source getset.f
100.02.08 10:10 A d:\u\dsa\analyze\source\graphdo.f <-- nems /default/analyze/source graphdo.f
100.02.08 10:10 A d:\u\dsa\analyze\source\graphio.f <-- nems /default/analyze/source graphio.f
100.02.08 10:10 A d:\u\dsa\analyze\source\graphsyn.f <-- nems /default/analyze/source graphsyn.f
100.02.08 10:10 A d:\u\dsa\analyze\source\gredbin.f <-- nems /default/analyze/source gredbin.f
100.02.08 10:10 A d:\u\dsa\analyze\source\gredexp.f <-- nems /default/analyze/source gredexp.f
100.02.08 10:10 A d:\u\dsa\analyze\source\gredexp2.f <-- nems /default/analyze/source gredexp2.f
100.02.08 10:10 A d:\u\dsa\analyze\source\gredmat.f <-- nems /default/analyze/source gredmat.f
100.02.08 10:10 A d:\u\dsa\analyze\source\gredtest.f <-- nems /default/analyze/source gredtest.f
100.02.08 10:10 A d:\u\dsa\analyze\source\greduce.f <-- nems /default/analyze/source greduce.f
100.02.08 10:10 A d:\u\dsa\analyze\source\gupckgen.f <-- nems /default/analyze/source gupckgen.f
100.02.08 10:10 A d:\u\dsa\analyze\source\gupcklib.f <-- nems /default/analyze/source gupcklib.f
100.02.08 10:10 A d:\u\dsa\analyze\source\oslanal.f <-- nems /default/analyze/source oslanal.f
100.02.08 10:10 A d:\u\dsa\analyze\source\rbcmnd1.f <-- nems /default/analyze/source rbcmnd1.f
100.02.08 10:10 A d:\u\dsa\analyze\source\rbcmnd2.f <-- nems /default/analyze/source rbcmnd2.f
100.02.08 10:10 A d:\u\dsa\analyze\source\rbgenerl.f <-- nems /default/analyze/source rbgenerl.f
100.02.08 10:10 A d:\u\dsa\analyze\source\rbstacks.f <-- nems /default/analyze/source rbstacks.f
100.02.08 10:10 A d:\u\dsa\analyze\source\schema.f <-- nems /default/analyze/source schema.f
100.02.08 10:10 A d:\u\dsa\analyze\source\scheqn.f <-- nems /default/analyze/source scheqn.f
100.02.08 10:10 A d:\u\dsa\analyze\source\screen.f <-- nems /default/analyze/source screen.f
100.02.08 10:10 A d:\u\dsa\analyze\source\scrplots.f <-- nems /default/analyze/source scrplots.f
100.02.08 10:10 A d:\u\dsa\analyze\source\table.f <-- nems /default/analyze/source table.f
100.02.08 10:11 A d:\u\dsa\analyze\source\aix.doc <-- nems /default/analyze/source aix.doc
100.02.08 10:11 A d:\u\dsa\analyze\source\analftp.doc <-- nems /default/analyze/source analftp.doc
100.02.08 10:11 A d:\u\dsa\analyze\source\ansi.doc <-- nems /default/analyze/source ansi.doc
100.02.08 10:11 A d:\u\dsa\analyze\source\dcanal.doc <-- nems /default/analyze/source dcanal.doc
100.02.08 10:11 A d:\u\dsa\analyze\source\getbasis.doc <-- nems /default/analyze/source getbasis.doc
100.02.08 10:11 A d:\u\dsa\analyze\source\getdata.doc <-- nems /default/analyze/source getdata.doc
100.02.08 10:11 A d:\u\dsa\analyze\source\gupck.doc <-- nems /default/analyze/source gupck.doc
100.02.08 10:11 A d:\u\dsa\analyze\source\oslanal.doc <-- nems /default/analyze/source oslanal.doc
100.02.08 10:15 A d:\u\dsa\analyze\source\dc.ksh <-- nems /default/analyze/source dc.ksh
100.02.08 10:15 A d:\u\dsa\analyze\source\fortof.ksh <-- nems /default/analyze/source fortof.ksh
100.02.08 10:15 A d:\u\dsa\analyze\source\tolower.ksh <-- nems /default/analyze/source tolower.ksh
100.02.08 10:15 A d:\u\dsa\analyze\source\trim.sh <-- nems /default/analyze/source trim.sh
100.02.08 10:15 A d:\u\dsa\analyze\source\trimit.ksh <-- nems /default/analyze/source trimit.ksh
100.02.08 10:15 A d:\u\dsa\analyze\source\z.ksh <-- nems /default/analyze/source z.ksh
100.02.08 10:15 A d:\u\dsa\analyze\source\analyze.log <-- nems /default/analyze/source analyze.log
100.02.08 10:15 A d:\u\dsa\analyze\source\flip.log <-- nems /default/analyze/source flip.log
100.02.08 10:15 A d:\u\dsa\analyze\source\getmat.log <-- nems /default/analyze/source getmat.log
100.02.08 10:15 A d:\u\dsa\analyze\source\views.log <-- nems /default/analyze/source views.log
100.02.08 10:16 A d:\u\dsa\analyze\source\DCANAL. <-- nems /default/analyze/source DCANAL.
100.02.08 10:16 A d:\u\dsa\analyze\source\DCFLCMND. <-- nems /default/analyze/source DCFLCMND.
100.02.08 10:16 A d:\u\dsa\analyze\source\DCFLIP. <-- nems /default/analyze/source DCFLIP.
100.02.08 10:16 A d:\u\dsa\analyze\source\DCGETMAT. <-- nems /default/analyze/source DCGETMAT.
100.02.08 10:16 A d:\u\dsa\analyze\source\DCGRAPH. <-- nems /default/analyze/source DCGRAPH.
100.02.08 10:16 A d:\u\dsa\analyze\source\DCREDUCE. <-- nems /default/analyze/source DCREDUCE.
100.02.08 10:16 A d:\u\dsa\analyze\source\DCRULE. <-- nems /default/analyze/source DCRULE.
100.02.08 10:16 A d:\u\dsa\analyze\source\DCSCHEMA. <-- nems /default/analyze/source DCSCHEMA.
100.02.08 10:16 A d:\u\dsa\analyze\source\DCSCRDAT. <-- nems /default/analyze/source DCSCRDAT.
100.02.08 10:16 A d:\u\dsa\analyze\source\DCSCREEN. <-- nems /default/analyze/source DCSCREEN.
100.02.08 10:16 A d:\u\dsa\analyze\source\test. <-- nems /default/analyze/source test.
100.02.08 10:24 A d:\u\dsa\analyze\source\analyze.s <-- nems /default/analyze/source analyze.s
100.02.08 10:24 A d:\u\dsa\analyze\source\cgupck.s <-- nems /default/analyze/source cgupck.s
100.02.08 10:24 A d:\u\dsa\analyze\source\chmodata.s <-- nems /default/analyze/source chmodata.s
100.02.08 10:24 A d:\u\dsa\analyze\source\chmodfor.s <-- nems /default/analyze/source chmodfor.s
100.02.08 10:24 A d:\u\dsa\analyze\source\companal.s <-- nems /default/analyze/source companal.s
100.02.08 10:24 A d:\u\dsa\analyze\source\compflip.s <-- nems /default/analyze/source compflip.s
100.02.08 10:24 A d:\u\dsa\analyze\source\compgetm.s <-- nems /default/analyze/source compgetm.s
100.02.08 10:24 A d:\u\dsa\analyze\source\compview.s <-- nems /default/analyze/source compview.s
100.02.08 10:24 A d:\u\dsa\analyze\source\coslanal.s <-- nems /default/analyze/source coslanal.s
100.02.08 10:24 A d:\u\dsa\analyze\source\linkanal.s <-- nems /default/analyze/source linkanal.s
100.02.08 10:24 A d:\u\dsa\analyze\source\loadata.s <-- nems /default/analyze/source loadata.s
100.02.08 10:24 A d:\u\dsa\analyze\source\loslanal.s <-- nems /default/analyze/source loslanal.s
100.02.08 10:24 A d:\u\dsa\analyze\source\makeanal.s <-- nems /default/analyze/source makeanal.s
100.02.08 10:24 A d:\u\dsa\analyze\source\moslanal.s <-- nems /default/analyze/source moslanal.s
100.02.08 10:24 A d:\u\dsa\analyze\source\rsdistr.s <-- nems /default/analyze/source rsdistr.s
